Baixando tarefas atribuídas aos membros (abertas + concluídas)...
  atribuídas página 0: +100 (total 100)
  atribuídas página 1: +100 (total 200)
  atribuídas página 2: +100 (total 300)
  atribuídas página 3: +100 (total 400)
  atribuídas página 4: +100 (total 500)
  atribuídas página 5: +100 (total 600)
  atribuídas página 6: +100 (total 700)
  atribuídas página 7: +100 (total 800)
  atribuídas página 8: +100 (total 900)
  atribuídas página 9: +100 (total 1000)
  atribuídas página 10: +100 (total 1100)
  atribuídas página 11: +100 (total 1200)
  atribuídas página 12: +100 (total 1300)
  atribuídas página 13: +100 (total 1400)
  atribuídas página 14: +100 (total 1500)
  atribuídas página 15: +100 (total 1600)
  atribuídas página 16: +100 (total 1700)
  atribuídas página 17: +100 (total 1800)
  atribuídas página 18: +100 (total 1900)
  atribuídas página 19: +100 (total 2000)
  atribuídas página 20: +100 (total 2100)
  atribuídas página 21: +100 (total 2200)
  atribuídas página 22: +100 (total 2300)
  atribuídas página 23: +98 (total 2398)
Baixando listas para detectar tarefas mal cadastradas (abertas)...
  lista Gestão de Projetos página 0: +100 (total 100)
  lista Gestão de Projetos página 1: +100 (total 200)
  lista Gestão de Projetos página 2: +100 (total 300)
  lista Gestão de Projetos página 3: +100 (total 400)
  lista Gestão de Projetos página 4: +100 (total 500)
  lista Gestão de Projetos página 5: +100 (total 600)
  lista Gestão de Projetos página 6: +100 (total 700)
  lista Gestão de Projetos página 7: +100 (total 800)
  lista Gestão de Projetos página 8: +100 (total 900)
  lista Gestão de Projetos página 9: +100 (total 1000)
  lista Gestão de Projetos página 10: +100 (total 1100)
  lista Gestão de Projetos página 11: +100 (total 1200)
  lista Gestão de Projetos página 12: +100 (total 1300)
  lista Gestão de Projetos página 13: +33 (total 1333)
  lista Processos de Artes página 0: +100 (total 100)
  lista Processos de Artes página 1: +100 (total 200)
  lista Processos de Artes página 2: +100 (total 300)
  lista Processos de Artes página 3: +32 (total 332)
  lista Planejamento e Gestão de CRM página 0: +66 (total 66)
  lista Envio de NPS página 0: +100 (total 100)
  lista Envio de NPS página 1: +100 (total 200)
  lista Envio de NPS página 2: +28 (total 228)
  lista Otimização de Campanhas página 0: +100 (total 100)
  lista Otimização de Campanhas página 1: +100 (total 200)
  lista Otimização de Campanhas página 2: +74 (total 274)
  lista Kickoff página 0: +100 (total 100)
  lista Kickoff página 1: +100 (total 200)
  lista Kickoff página 2: +100 (total 300)
  lista Kickoff página 3: +100 (total 400)
  lista Kickoff página 4: +22 (total 422)
  lista Entrada do cliente página 0: +94 (total 94)
  lista Agenda de clientes página 0: +100 (total 100)
  lista Agenda de clientes página 1: +100 (total 200)
  lista Agenda de clientes página 2: +100 (total 300)
  lista Agenda de clientes página 3: +100 (total 400)
  lista Agenda de clientes página 4: +100 (total 500)
  lista Agenda de clientes página 5: +100 (total 600)
  lista Agenda de clientes página 6: +53 (total 653)
  lista Coleta de indicações página 0: +22 (total 22)
  [aviso] pulando lista 'Onboarding com o Head' (sem acesso ou erro): API 401 em https://api.clickup.com/api/v2/list/901113446899/task?include_closed=

model.json: 128 atrasos · 23 mal cadastradas · 2986 eventos · janela 2025-02-07 → 2026-07-15
dashboard.html gerado. Abra no navegador.
EXIT=0
