Baixando tarefas das listas do time (abertas + concluídas)...
  lista Gestão de Projetos página 0: +100 (total 100)
  lista Gestão de Projetos página 1: +100 (total 200)
  lista Gestão de Projetos página 2: +100 (total 300)
  lista Gestão de Projetos página 3: +100 (total 400)
  lista Gestão de Projetos página 4: +100 (total 500)
  lista Gestão de Projetos página 5: +100 (total 600)
  lista Gestão de Projetos página 6: +100 (total 700)
  lista Gestão de Projetos página 7: +100 (total 800)
  lista Gestão de Projetos página 8: +100 (total 900)
  lista Gestão de Projetos página 9: +100 (total 1000)
  lista Gestão de Projetos página 10: +100 (total 1100)
  lista Gestão de Projetos página 11: +100 (total 1200)
  lista Gestão de Projetos página 12: +100 (total 1300)
  lista Gestão de Projetos página 13: +100 (total 1400)
  lista Gestão de Projetos página 14: +100 (total 1500)
  lista Gestão de Projetos página 15: +100 (total 1600)
  lista Gestão de Projetos página 16: +100 (total 1700)
  lista Gestão de Projetos página 17: +100 (total 1800)
  lista Gestão de Projetos página 18: +100 (total 1900)
  lista Gestão de Projetos página 19: +100 (total 2000)
  lista Gestão de Projetos página 20: +100 (total 2100)
  lista Gestão de Projetos página 21: +100 (total 2200)
  lista Gestão de Projetos página 22: +100 (total 2300)
  lista Gestão de Projetos página 23: +100 (total 2400)
  lista Gestão de Projetos página 24: +100 (total 2500)
  lista Gestão de Projetos página 25: +100 (total 2600)
  lista Gestão de Projetos página 26: +100 (total 2700)
  lista Gestão de Projetos página 27: +100 (total 2800)
  lista Gestão de Projetos página 28: +100 (total 2900)
  lista Gestão de Projetos página 29: +100 (total 3000)
  lista Gestão de Projetos página 30: +100 (total 3100)
  lista Gestão de Projetos página 31: +100 (total 3200)
  lista Gestão de Projetos página 32: +100 (total 3300)
  lista Gestão de Projetos página 33: +100 (total 3400)
  lista Gestão de Projetos página 34: +100 (total 3500)
  lista Gestão de Projetos página 35: +100 (total 3600)
  lista Gestão de Projetos página 36: +100 (total 3700)
  lista Gestão de Projetos página 37: +100 (total 3800)
  lista Gestão de Projetos página 38: +100 (total 3900)
  lista Gestão de Projetos página 39: +100 (total 4000)
  lista Gestão de Projetos página 40: +100 (total 4100)
  lista Gestão de Projetos página 41: +100 (total 4200)
  lista Gestão de Projetos página 42: +100 (total 4300)
  lista Gestão de Projetos página 43: +100 (total 4400)
  lista Gestão de Projetos página 44: +90 (total 4490)
  lista Processos de Artes página 0: +100 (total 100)
  lista Processos de Artes página 1: +100 (total 200)
  lista Processos de Artes página 2: +100 (total 300)
  lista Processos de Artes página 3: +100 (total 400)
  lista Processos de Artes página 4: +100 (total 500)
  lista Processos de Artes página 5: +100 (total 600)
  lista Processos de Artes página 6: +100 (total 700)
  lista Processos de Artes página 7: +100 (total 800)
  lista Processos de Artes página 8: +100 (total 900)
  lista Processos de Artes página 9: +100 (total 1000)
  lista Processos de Artes página 10: +100 (total 1100)
  lista Processos de Artes página 11: +100 (total 1200)
  lista Processos de Artes página 12: +100 (total 1300)
  lista Processos de Artes página 13: +100 (total 1400)
  lista Processos de Artes página 14: +100 (total 1500)
  lista Processos de Artes página 15: +100 (total 1600)
  lista Processos de Artes página 16: +100 (total 1700)
  lista Processos de Artes página 17: +98 (total 1798)
  lista Planejamento e Gestão de CRM página 0: +66 (total 66)
  lista Envio de NPS página 0: +100 (total 100)
  lista Envio de NPS página 1: +100 (total 200)
  lista Envio de NPS página 2: +61 (total 261)
  lista Otimização de Campanhas página 0: +100 (total 100)
  lista Otimização de Campanhas página 1: +100 (total 200)
  lista Otimização de Campanhas página 2: +88 (total 288)
  lista Kickoff página 0: +100 (total 100)
  lista Kickoff página 1: +100 (total 200)
  lista Kickoff página 2: +100 (total 300)
  lista Kickoff página 3: +100 (total 400)
  lista Kickoff página 4: +100 (total 500)
  lista Kickoff página 5: +100 (total 600)
  lista Kickoff página 6: +100 (total 700)
  lista Kickoff página 7: +100 (total 800)
  lista Kickoff página 8: +100 (total 900)
  lista Kickoff página 9: +100 (total 1000)
  lista Kickoff página 10: +100 (total 1100)
  lista Kickoff página 11: +100 (total 1200)
  lista Kickoff página 12: +100 (total 1300)
  lista Kickoff página 13: +100 (total 1400)
  lista Kickoff página 14: +100 (total 1500)
  lista Kickoff página 15: +100 (total 1600)
  lista Kickoff página 16: +100 (total 1700)
  lista Kickoff página 17: +100 (total 1800)
  lista Kickoff página 18: +100 (total 1900)
  lista Kickoff página 19: +100 (total 2000)
  lista Kickoff página 20: +100 (total 2100)
  lista Kickoff página 21: +100 (total 2200)
  lista Kickoff página 22: +100 (total 2300)
  lista Kickoff página 23: +100 (total 2400)
  lista Kickoff página 24: +100 (total 2500)
  lista Kickoff página 25: +100 (total 2600)
  lista Kickoff página 26: +100 (total 2700)
  lista Kickoff página 27: +100 (total 2800)
  lista Kickoff página 28: +100 (total 2900)
  lista Kickoff página 29: +100 (total 3000)
  lista Kickoff página 30: +100 (total 3100)
  lista Kickoff página 31: +100 (total 3200)
  lista Kickoff página 32: +100 (total 3300)
  lista Kickoff página 33: +100 (total 3400)
  lista Kickoff página 34: +100 (total 3500)
  lista Kickoff página 35: +100 (total 3600)
  lista Kickoff página 36: +100 (total 3700)
  lista Kickoff página 37: +100 (total 3800)
  lista Kickoff página 38: +100 (total 3900)
  lista Kickoff página 39: +100 (total 4000)
  lista Kickoff página 40: +100 (total 4100)
  lista Kickoff página 41: +100 (total 4200)
  lista Kickoff página 42: +100 (total 4300)
  lista Kickoff página 43: +100 (total 4400)
  lista Kickoff página 44: +100 (total 4500)
  lista Kickoff página 45: +100 (total 4600)
  lista Kickoff página 46: +100 (total 4700)
  lista Kickoff página 47: +100 (total 4800)
  lista Kickoff página 48: +100 (total 4900)
  lista Kickoff página 49: +100 (total 5000)
  lista Kickoff página 50: +100 (total 5100)
  lista Kickoff página 51: +100 (total 5200)
  lista Kickoff página 52: +100 (total 5300)
  lista Kickoff página 53: +62 (total 5362)
  lista Entrada do cliente página 0: +100 (total 100)
  lista Entrada do cliente página 1: +100 (total 200)
  lista Entrada do cliente página 2: +100 (total 300)
  lista Entrada do cliente página 3: +100 (total 400)
  lista Entrada do cliente página 4: +100 (total 500)
  lista Entrada do cliente página 5: +100 (total 600)
  lista Entrada do cliente página 6: +100 (total 700)
  lista Entrada do cliente página 7: +100 (total 800)
  lista Entrada do cliente página 8: +100 (total 900)
  lista Entrada do cliente página 9: +100 (total 1000)
  lista Entrada do cliente página 10: +100 (total 1100)
  lista Entrada do cliente página 11: +100 (total 1200)
  lista Entrada do cliente página 12: +100 (total 1300)
  lista Entrada do cliente página 13: +100 (total 1400)
  lista Entrada do cliente página 14: +100 (total 1500)
  lista Entrada do cliente página 15: +100 (total 1600)
  lista Entrada do cliente página 16: +100 (total 1700)
  lista Entrada do cliente página 17: +100 (total 1800)
  lista Entrada do cliente página 18: +100 (total 1900)
  lista Entrada do cliente página 19: +100 (total 2000)
  lista Entrada do cliente página 20: +100 (total 2100)
  lista Entrada do cliente página 21: +100 (total 2200)
  lista Entrada do cliente página 22: +100 (total 2300)
  lista Entrada do cliente página 23: +100 (total 2400)
  lista Entrada do cliente página 24: +100 (total 2500)
  lista Entrada do cliente página 25: +100 (total 2600)
  lista Entrada do cliente página 26: +100 (total 2700)
  lista Entrada do cliente página 27: +100 (total 2800)
  lista Entrada do cliente página 28: +100 (total 2900)
  lista Entrada do cliente página 29: +100 (total 3000)
  lista Entrada do cliente página 30: +100 (total 3100)
  lista Entrada do cliente página 31: +100 (total 3200)
  lista Entrada do cliente página 32: +100 (total 3300)
  lista Entrada do cliente página 33: +11 (total 3311)
  lista Agenda de clientes página 0: +100 (total 100)
  lista Agenda de clientes página 1: +100 (total 200)
  lista Agenda de clientes página 2: +100 (total 300)
  lista Agenda de clientes página 3: +100 (total 400)
  lista Agenda de clientes página 4: +100 (total 500)
  lista Agenda de clientes página 5: +100 (total 600)
  lista Agenda de clientes página 6: +100 (total 700)
  lista Agenda de clientes página 7: +100 (total 800)
  lista Agenda de clientes página 8: +100 (total 900)
  lista Agenda de clientes página 9: +100 (total 1000)
  lista Agenda de clientes página 10: +100 (total 1100)
  lista Agenda de clientes página 11: +100 (total 1200)
  lista Agenda de clientes página 12: +51 (total 1251)
  lista Coleta de indicações página 0: +30 (total 30)
  [aviso] pulando lista 'Onboarding com o Head' (sem acesso ou erro): API 401 em https://api.clickup.com/api/v2/list/901113446899/task?include_closed=

model.json: 177 atrasos · 32 mal cadastradas · 6041 eventos · janela 2025-02-07 → 2026-07-15
dashboard.html gerado. Abra no navegador.
EXIT=0
